#
# A fatal error has been detected by the Java Runtime Environment:
#
#  EXCEPTION_ACCESS_VIOLATION (0xc0000005) at pc=0x00000000614b248b, pid=8924, tid=8392
#
# JRE version: Java(TM) SE Runtime Environment (7.0_51-b13) (build 1.7.0_51-b13)
# Java VM: Java HotSpot(TM) 64-Bit Server VM (24.51-b03 mixed mode windows-amd64 compressed oops)
# Problematic frame:
# V  [jvm.dll+0x14248b]
#
# Failed to write core dump. Minidumps are not enabled by default on client versions of Windows
#
# If you would like to submit a bug report, please visit:
#   http://bugreport.sun.com/bugreport/crash.jsp
#

---------------  T H R E A D  ---------------

Current thread (0x000000000ac54000):  JavaThread "JDWP Transport Listener: dt_socket" daemon [_thread_in_vm, id=8392, stack(0x000000000c1c0000,0x000000000c2c0000)]

siginfo: ExceptionCode=0xc0000005, reading address 0xffffffffffffffff

Registers:
RAX=0x000000000c2bf701, RBX=0x000000000ac54000, RCX=0x726f746172657449, RDX=0x0000000000000000
RSP=0x000000000c2bf700, RBP=0x726f746172657449, RSI=0x000000000c2bf818, RDI=0x0000000002808680
R8 =0x000000000ac54000, R9 =0x0000000000008000, R10=0x0000000000000000, R11=0x000000000c2bfa1e
R12=0x0000000000000000, R13=0x000000000ac42818, R14=0x0000000000000000, R15=0x0000000000000000
RIP=0x00000000614b248b, EFLAGS=0x0000000000010202

Top of Stack: (sp=0x000000000c2bf700)
0x000000000c2bf700:   000000000ac54000 0000000000000003
0x000000000c2bf710:   000000000c2bf7c8 0000000061651239
0x000000000c2bf720:   000000000ac54000 000000006166ede2
0x000000000c2bf730:   0000000000000000 0000000061308e89
0x000000000c2bf740:   000000000ac11230 000000006131265a
0x000000000c2bf750:   000000000ac54000 0000000000000000
0x000000000c2bf760:   0000000000000000 0000000000000000
0x000000000c2bf770:   726f746172657449 0000000061311751
0x000000000c2bf780:   000000000c2bf818 000000000c2bf7f0
0x000000000c2bf790:   0000000000000001 000000000ac11230
0x000000000c2bf7a0:   726f746172657449 00000000612f53b3
0x000000000c2bf7b0:   000000000c2bf8e0 0000000000000001
0x000000000c2bf7c0:   0000000000000001 000000000ac11230
0x000000000c2bf7d0:   0000000000000009 0000000000000000
0x000000000c2bf7e0:   0000000000000000 0000000000000000
0x000000000c2bf7f0:   0000000000000001 00000000612f5571 

Instructions: (pc=0x00000000614b248b)
0x00000000614b246b:   48 8b 5c 24 30 48 89 47 18 48 83 c4 20 5f c3 cc
0x00000000614b247b:   cc cc cc cc cc 40 53 48 83 ec 20 48 85 c9 74 54
0x00000000614b248b:   48 8b 19 48 85 db 74 4c 48 b8 fe fe fe fe fe fe
0x00000000614b249b:   fe fe 48 3b d8 74 3d 80 3d 8f 87 60 00 00 74 15 


Register to memory mapping:

RAX=0x000000000c2bf701 is pointing into the stack for thread: 0x000000000ac54000
RBX=0x000000000ac54000 is a thread
RCX=0x726f746172657449 is an unknown value
RDX=0x0000000000000000 is an unknown value
RSP=0x000000000c2bf700 is pointing into the stack for thread: 0x000000000ac54000
RBP=0x726f746172657449 is an unknown value
RSI=0x000000000c2bf818 is pointing into the stack for thread: 0x000000000ac54000
RDI=0x0000000002808680 is an unknown value
R8 =0x000000000ac54000 is a thread
R9 =0x0000000000008000 is an unknown value
R10=0x0000000000000000 is an unknown value
R11=0x000000000c2bfa1e is pointing into the stack for thread: 0x000000000ac54000
R12=0x0000000000000000 is an unknown value
R13=0x000000000ac42818 is an unknown value
R14=0x0000000000000000 is an unknown value
R15=0x0000000000000000 is an unknown value


Stack: [0x000000000c1c0000,0x000000000c2c0000],  sp=0x000000000c2bf700,  free space=1021k
Native frames: (J=compiled Java code, j=interpreted, Vv=VM code, C=native code)
V  [jvm.dll+0x14248b]


---------------  P R O C E S S  ---------------

Java Threads: ( => current thread )
  0x000000000ac7b800 JavaThread "Service Thread" daemon [_thread_blocked, id=4988, stack(0x000000000ca90000,0x000000000cb90000)]
  0x000000000ac7a800 JavaThread "C2 CompilerThread1" daemon [_thread_blocked, id=7076, stack(0x000000000c990000,0x000000000ca90000)]
  0x000000000ac6d800 JavaThread "C2 CompilerThread0" daemon [_thread_blocked, id=1324, stack(0x000000000c890000,0x000000000c990000)]
  0x000000000ac5b800 JavaThread "JDWP Command Reader" daemon [_thread_in_native, id=23104, stack(0x000000000c790000,0x000000000c890000)]
  0x000000000ac58800 JavaThread "JDWP Event Helper Thread" daemon [_thread_blocked, id=11064, stack(0x000000000c690000,0x000000000c790000)]
=>0x000000000ac54000 JavaThread "JDWP Transport Listener: dt_socket" daemon [_thread_in_vm, id=8392, stack(0x000000000c1c0000,0x000000000c2c0000)]
  0x000000000ac44000 JavaThread "Attach Listener" daemon [_thread_blocked, id=5272, stack(0x000000000c0c0000,0x000000000c1c0000)]
  0x000000000ac41000 JavaThread "Signal Dispatcher" daemon [_thread_blocked, id=22488, stack(0x000000000bfc0000,0x000000000c0c0000)]
  0x000000000ac0c000 JavaThread "Finalizer" daemon [_thread_blocked, id=7436, stack(0x000000000bec0000,0x000000000bfc0000)]
  0x000000000ac03000 JavaThread "Reference Handler" daemon [_thread_blocked, id=5764, stack(0x000000000bdc0000,0x000000000bec0000)]
  0x000000000280d800 JavaThread "main" [_thread_blocked, id=18424, stack(0x00000000026f0000,0x00000000027f0000)]

Other Threads:
  0x000000000ac00000 VMThread [stack: 0x000000000bcc0000,0x000000000bdc0000] [id=10876]
  0x000000000ac86000 WatcherThread [stack: 0x000000000cb90000,0x000000000cc90000] [id=21628]

VM state:not at safepoint (normal execution)

VM Mutex/Monitor currently owned by a thread: None

Heap
 PSYoungGen      total 38400K, used 1331K [0x00000007d5d00000, 0x00000007d8780000, 0x0000000800000000)
  eden space 33280K, 4% used [0x00000007d5d00000,0x00000007d5e4cd48,0x00000007d7d80000)
  from space 5120K, 0% used [0x00000007d8280000,0x00000007d8280000,0x00000007d8780000)
  to   space 5120K, 0% used [0x00000007d7d80000,0x00000007d7d80000,0x00000007d8280000)
 ParOldGen       total 86016K, used 0K [0x0000000781800000, 0x0000000786c00000, 0x00000007d5d00000)
  object space 86016K, 0% used [0x0000000781800000,0x0000000781800000,0x0000000786c00000)
 PSPermGen       total 21504K, used 2396K [0x000000077c600000, 0x000000077db00000, 0x0000000781800000)
  object space 21504K, 11% used [0x000000077c600000,0x000000077c8572b8,0x000000077db00000)

Card table byte_map: [0x00000000059d0000,0x0000000005df0000] byte_map_base: 0x0000000001ded000

Polling page: 0x0000000000dd0000

Code Cache  [0x0000000002910000, 0x0000000002b80000, 0x0000000005910000)
 total_blobs=159 nmethods=0 adapters=135 free_code_cache=48775Kb largest_free_block=49946112

Compilation events (0 events):
No events

GC Heap History (0 events):
No events

Deoptimization events (0 events):
No events

Internal exceptions (3 events):
Event: 0.035 Thread 0x000000000280d800 Threw 0x00000007d5d0b8e8 at C:\re\jdk7u51\527\hotspot\src\share\vm\prims\jni.cpp:3991
Event: 0.113 Thread 0x000000000280d800 Threw 0x00000007d5d4d908 at C:\re\jdk7u51\527\hotspot\src\share\vm\prims\jvm.cpp:1244
Event: 0.128 Thread 0x000000000280d800 Threw 0x00000007d5d53390 at C:\re\jdk7u51\527\hotspot\src\share\vm\prims\jvm.cpp:1244

Events (10 events):
Event: 352.031 Executing VM operation: GetCurrentLocation
Event: 352.031 Executing VM operation: GetCurrentLocation done
Event: 352.031 Executing VM operation: EnterInterpOnlyMode
Event: 352.031 Executing VM operation: EnterInterpOnlyMode done
Event: 352.031 Executing VM operation: ChangeSingleStep
Event: 352.031 Executing VM operation: ChangeSingleStep done
Event: 352.031 Executing VM operation: ChangeSingleStep
Event: 352.031 Executing VM operation: ChangeSingleStep done
Event: 352.033 Executing VM operation: RedefineClasses
Event: 352.033 Executing VM operation: RedefineClasses done


Dynamic libraries:
0x00007ff78bf70000 - 0x00007ff78bfa3000 	C:\Program Files\Java\jre7\bin\javaw.exe
0x00007ffe905d0000 - 0x00007ffe9077a000 	C:\WINDOWS\SYSTEM32\ntdll.dll
0x00007ffe8d790000 - 0x00007ffe8d8ca000 	C:\WINDOWS\system32\KERNEL32.DLL
0x00007ffe8cd20000 - 0x00007ffe8ce2f000 	C:\WINDOWS\system32\KERNELBASE.dll
0x00007ffe8a5a0000 - 0x00007ffe8a628000 	C:\WINDOWS\system32\apphelp.dll
0x00007ffe787d0000 - 0x00007ffe7881f000 	C:\WINDOWS\AppPatch\AppPatch64\AcGenral.DLL
0x00007ffe8df10000 - 0x00007ffe8dfb7000 	C:\WINDOWS\system32\msvcrt.dll
0x00007ffe8c750000 - 0x00007ffe8c77b000 	C:\WINDOWS\SYSTEM32\SspiCli.dll
0x00007ffe8dfc0000 - 0x00007ffe8e011000 	C:\WINDOWS\system32\SHLWAPI.dll
0x00007ffe8cfb0000 - 0x00007ffe8d121000 	C:\WINDOWS\system32\USER32.dll
0x00007ffe8d610000 - 0x00007ffe8d788000 	C:\WINDOWS\system32\ole32.dll
0x00007ffe8e1d0000 - 0x00007ffe8f5f0000 	C:\WINDOWS\system32\SHELL32.dll
0x00007ffe8bb60000 - 0x00007ffe8bb7e000 	C:\WINDOWS\SYSTEM32\USERENV.dll
0x00007ffe8d560000 - 0x00007ffe8d605000 	C:\WINDOWS\system32\ADVAPI32.dll
0x00007ffe81430000 - 0x00007ffe8144b000 	C:\WINDOWS\SYSTEM32\MPR.dll
0x00007ffe8d3d0000 - 0x00007ffe8d507000 	C:\WINDOWS\system32\RPCRT4.dll
0x00007ffe8d130000 - 0x00007ffe8d187000 	C:\WINDOWS\SYSTEM32\sechost.dll
0x00007ffe8dbf0000 - 0x00007ffe8ddc6000 	C:\WINDOWS\SYSTEM32\combase.dll
0x00007ffe8d8d0000 - 0x00007ffe8da14000 	C:\WINDOWS\system32\GDI32.dll
0x00007ffe8c970000 - 0x00007ffe8c984000 	C:\WINDOWS\SYSTEM32\profapi.dll
0x00007ffe8bfe0000 - 0x00007ffe8c07f000 	C:\WINDOWS\SYSTEM32\SHCORE.dll
0x00007ffe8d510000 - 0x00007ffe8d544000 	C:\WINDOWS\system32\IMM32.DLL
0x00007ffe8ddd0000 - 0x00007ffe8df09000 	C:\WINDOWS\system32\MSCTF.dll
0x00007ffe8c140000 - 0x00007ffe8c39a000 	C:\WINDOWS\WinSxS\amd64_microsoft.windows.common-controls_6595b64144ccf1df_6.0.9600.17031_none_6242a4b3ecbb55a1\COMCTL32.dll
0x0000000061b40000 - 0x0000000061c12000 	C:\Program Files\Java\jre7\bin\msvcr100.dll
0x0000000061370000 - 0x0000000061b39000 	C:\Program Files\Java\jre7\bin\server\jvm.dll
0x00007ffe84760000 - 0x00007ffe84769000 	C:\WINDOWS\SYSTEM32\WSOCK32.dll
0x00007ffe879e0000 - 0x00007ffe879ff000 	C:\WINDOWS\SYSTEM32\WINMM.dll
0x00007ffe8cee0000 - 0x00007ffe8cee7000 	C:\WINDOWS\system32\PSAPI.DLL
0x00007ffe8ce80000 - 0x00007ffe8ced8000 	C:\WINDOWS\system32\WS2_32.dll
0x00007ffe879b0000 - 0x00007ffe879da000 	C:\WINDOWS\SYSTEM32\WINMMBASE.dll
0x00007ffe8f5f0000 - 0x00007ffe8f5f9000 	C:\WINDOWS\system32\NSI.dll
0x00007ffe8ca40000 - 0x00007ffe8ca8a000 	C:\WINDOWS\SYSTEM32\cfgmgr32.dll
0x00007ffe8ade0000 - 0x00007ffe8ae06000 	C:\WINDOWS\SYSTEM32\DEVOBJ.dll
0x0000000061360000 - 0x000000006136f000 	C:\Program Files\Java\jre7\bin\verify.dll
0x0000000061330000 - 0x0000000061358000 	C:\Program Files\Java\jre7\bin\java.dll
0x00000000612f0000 - 0x0000000061325000 	C:\Program Files\Java\jre7\bin\jdwp.dll
0x00000000612e0000 - 0x00000000612e8000 	C:\Program Files\Java\jre7\bin\npt.dll
0x00000000612c0000 - 0x00000000612d5000 	C:\Program Files\Java\jre7\bin\zip.dll
0x00000000612b0000 - 0x00000000612b9000 	C:\Program Files\Java\jre7\bin\dt_socket.dll
0x00007ffe836c0000 - 0x00007ffe836d4000 	C:\WINDOWS\system32\napinsp.dll
0x00007ffe836a0000 - 0x00007ffe836b9000 	C:\WINDOWS\system32\pnrpnsp.dll
0x00007ffe87f90000 - 0x00007ffe87fa9000 	C:\WINDOWS\system32\NLAapi.dll
0x00007ffe8bd70000 - 0x00007ffe8bdc8000 	C:\WINDOWS\System32\mswsock.dll
0x00007ffe8bb80000 - 0x00007ffe8bc23000 	C:\WINDOWS\SYSTEM32\DNSAPI.dll
0x00007ffe83690000 - 0x00007ffe8369c000 	C:\WINDOWS\System32\winrnr.dll
0x00007ffe83670000 - 0x00007ffe83683000 	C:\WINDOWS\system32\wshbth.dll
0x00000000631a0000 - 0x00000000631c6000 	C:\Program Files\Bonjour\mdnsNSP.dll
0x00007ffe86f20000 - 0x00007ffe86f49000 	C:\WINDOWS\SYSTEM32\Iphlpapi.DLL
0x00007ffe86fc0000 - 0x00007ffe86fca000 	C:\WINDOWS\SYSTEM32\WINNSI.DLL
0x00007ffe86f50000 - 0x00007ffe86fb8000 	C:\WINDOWS\System32\fwpuclnt.dll
0x00007ffe83660000 - 0x00007ffe83669000 	C:\Windows\System32\rasadhlp.dll
0x00007ffe80010000 - 0x00007ffe80198000 	C:\WINDOWS\SYSTEM32\dbghelp.dll

VM Arguments:
jvm_args: -agentlib:jdwp=transport=dt_socket,suspend=y,address=localhost:55139 -Dfile.encoding=Cp1252 
java_command: com.test.LinkedListAddition
Launcher Type: SUN_STANDARD

Environment Variables:
PATH=C:\ProgramData\Oracle\Java\javapath;C:\Program Files (x86)\ImageMagick-6.8.7-Q8;C:\Program Files (x86)\ImageMagick-6.8.7-Q16;C:\Program Files (x86)\Intel\iCLS Client\;C:\Program Files\Intel\iCLS Client\;C:\WINDOWS\system32;C:\WINDOWS;C:\WINDOWS\System32\Wbem;C:\WINDOWS\System32\WindowsPowerShell\v1.0\;C:\Program Files (x86)\Windows Live\Shared;C:\Program Files (x86)\Intel\OpenCL SDK\2.0\bin\x86;C:\Program Files (x86)\Intel\OpenCL SDK\2.0\bin\x64;C:\Program Files\Intel\WiFi\bin\;C:\Program Files\Common Files\Intel\WirelessCommon\;C:\Program Files\Intel\Intel(R) Management Engine Components\DAL;C:\Program Files\Intel\Intel(R) Management Engine Components\IPT;C:\Program Files (x86)\Intel\Intel(R) Management Engine Components\DAL;C:\Program Files (x86)\Intel\Intel(R) Management Engine Components\IPT;C:\Program Files (x86)\MySQL\MySQL Utilities 1.3.4\;C:\Program Files\MATLAB\R2013b\runtime\win64;C:\Program Files\MATLAB\R2013b\bin;C:\Program Files\Java\jdk1.7.0_45\bin;C:\Program Files\TortoiseSVN\bin;C:\Program Files\nodejs\;C:\Program Files (x86)\Git\cmd;C:\Python27;C:\Program Files (x86)\Windows Kits\8.1\Windows Performance Toolkit\;C:\Program Files\Microsoft SQL Server\110\Tools\Binn\;"C:\Program Files\MongoDB 2.6 Standard\bin";C:\Users\zohaibakmal\AppData\Roaming\npm; C:\Program Files (x86)\GnuWin32\bin
USERNAME=zohaibakmal
OS=Windows_NT
PROCESSOR_IDENTIFIER=Intel64 Family 6 Model 58 Stepping 9, GenuineIntel



---------------  S Y S T E M  ---------------

OS: Windows 8 , 64 bit Build 9200 

CPU:total 4 (2 cores per cpu, 2 threads per core) family 6 model 58 stepping 9, cmov, cx8, fxsr, mmx, sse, sse2, sse3, ssse3, sse4.1, sse4.2, popcnt, avx, aes, erms, ht, tsc, tscinvbit, tscinv

Memory: 4k page, physical 8282396k(3058620k free), swap 16671004k(7792104k free)

vm_info: Java HotSpot(TM) 64-Bit Server VM (24.51-b03) for windows-amd64 JRE (1.7.0_51-b13), built on Dec 18 2013 18:40:56 by "java_re" with unknown MS VC++:1600

time: Wed Oct 15 10:25:15 2014
elapsed time: 352 seconds

